<?xml version="1.0" encoding="UTF-8"?>
<!-- Generated by org.testng.reporters.JUnitReportReporter -->
<testsuite hostname="recep-mbp" failures="0" tests="1" name="com.herokuapp.theinternet.loginpagetests.PositiveLogInTests" time="9.420" errors="0" timestamp="03 Nis 2019 12:46:25 GMT" skipped="0">
  <testcase classname="com.herokuapp.theinternet.loginpagetests.PositiveLogInTests" name="logInTest" time="9.420"/>
</testsuite> <!-- com.herokuapp.theinternet.loginpagetests.PositiveLogInTests -->
