<?xml version="1.0" encoding="UTF-8"?>
<!-- Generated by org.testng.reporters.JUnitReportReporter -->
<testsuite hostname="recep-mbp" failures="0" tests="4" name="com.herokuapp.theinternet.loginpagetests.NegativeLogInTests" time="63.052" errors="0" timestamp="03 Nis 2019 14:27:40 GMT" skipped="0">
  <testcase classname="com.herokuapp.theinternet.loginpagetests.NegativeLogInTests" name="negativeTest" time="18.421"/>
  <testcase classname="com.herokuapp.theinternet.loginpagetests.NegativeLogInTests" name="negativeTest" time="13.051"/>
  <testcase classname="com.herokuapp.theinternet.loginpagetests.NegativeLogInTests" name="negativeTest" time="18.476"/>
  <testcase classname="com.herokuapp.theinternet.loginpagetests.NegativeLogInTests" name="negativeTest" time="13.104"/>
</testsuite> <!-- com.herokuapp.theinternet.loginpagetests.NegativeLogInTests -->
